Using pre-set license
Built from 'HEAD' branch; Version is '2022.2.1f1c1 (947a4231509b) revision 9730626'; Using compiler version '192829333'; Build Type 'Release'
OS: 'Windows 11  (10.0.22000) 64bit CoreCountrySpecific' Language: 'zh' Physical Memory: 16183 MB
BatchMode: 1, IsHumanControllingUs: 0, StartBugReporterOnCrash: 0, Is64bit: 1, IsPro: 1

COMMAND LINE ARGUMENTS:
C:\Program Files\Unity 2022.2.1f1c1\Editor\Unity.exe
-adb2
-batchMode
-noUpm
-name
AssetImportWorker0
-projectPath
E:/FreeTower/FreeTower
-logFile
Logs/AssetImportWorker0.log
-srvPort
50198
Successfully changed project path to: E:/FreeTower/FreeTower
E:/FreeTower/FreeTower
[UnityMemory] Configuration Parameters - Can be set up in boot.config
    "memorysetup-bucket-allocator-granularity=16"
    "memorysetup-bucket-allocator-bucket-count=8"
    "memorysetup-bucket-allocator-block-size=33554432"
    "memorysetup-bucket-allocator-block-count=8"
    "memorysetup-main-allocator-block-size=16777216"
    "memorysetup-thread-allocator-block-size=16777216"
    "memorysetup-gfx-main-allocator-block-size=16777216"
    "memorysetup-gfx-thread-allocator-block-size=16777216"
    "memorysetup-cache-allocator-block-size=4194304"
    "memorysetup-typetree-allocator-block-size=2097152"
    "memorysetup-profiler-bucket-allocator-granularity=16"
    "memorysetup-profiler-bucket-allocator-bucket-count=8"
    "memorysetup-profiler-bucket-allocator-block-size=33554432"
    "memorysetup-profiler-bucket-allocator-block-count=8"
    "memorysetup-profiler-allocator-block-size=16777216"
    "memorysetup-profiler-editor-allocator-block-size=1048576"
    "memorysetup-temp-allocator-size-main=16777216"
    "memorysetup-job-temp-allocator-block-size=2097152"
    "memorysetup-job-temp-allocator-block-size-background=1048576"
    "memorysetup-job-temp-allocator-reduction-small-platforms=262144"
    "memorysetup-temp-allocator-size-background-worker=32768"
    "memorysetup-temp-allocator-size-job-worker=262144"
    "memorysetup-temp-allocator-size-preload-manager=33554432"
    "memorysetup-temp-allocator-size-nav-mesh-worker=65536"
    "memorysetup-temp-allocator-size-audio-worker=65536"
    "memorysetup-temp-allocator-size-cloud-worker=32768"
    "memorysetup-temp-allocator-size-gi-baking-worker=262144"
    "memorysetup-temp-allocator-size-gfx=262144"
Player connection [28112] Host "[IP] 192.168.1.3 [Port] 0 [Flags] 2 [Guid] 2337318900 [EditorId] 2337318900 [Version] 1048832 [Id] WindowsEditor(7,赖张殷的电脑) [Debug] 1 [PackageName] WindowsEditor [ProjectName] Editor" joined multi-casting on [225.0.0.222:54997]...

Player connection [28112] Host "[IP] 192.168.1.3 [Port] 0 [Flags] 2 [Guid] 2337318900 [EditorId] 2337318900 [Version] 1048832 [Id] WindowsEditor(7,赖张殷的电脑) [Debug] 1 [PackageName] WindowsEditor [ProjectName] Editor" joined alternative multi-casting on [225.0.0.222:34997]...

Refreshing native plugins compatible for Editor in 104.36 ms, found 3 plugins.
Preloading 0 native plugins for Editor in 0.00 ms.
Initialize engine version: 2022.2.1f1c1 (947a4231509b)
[Subsystems] Discovering subsystems at path C:/Program Files/Unity 2022.2.1f1c1/Editor/Data/Resources/UnitySubsystems
[Subsystems] Discovering subsystems at path E:/FreeTower/FreeTower/Assets
GfxDevice: creating device client; threaded=0; jobified=0
Direct3D:
    Version:  Direct3D 11.0 [level 11.1]
    Renderer: NVIDIA GeForce MX450 (ID=0x1f97)
    Vendor:   NVIDIA
    VRAM:     1928 MB
    Driver:   27.21.14.5671
Initialize mono
Mono path[0] = 'C:/Program Files/Unity 2022.2.1f1c1/Editor/Data/Managed'
Mono path[1] = 'C:/Program Files/Unity 2022.2.1f1c1/Editor/Data/MonoBleedingEdge/lib/mono/unityjit-win32'
Mono config path = 'C:/Program Files/Unity 2022.2.1f1c1/Editor/Data/MonoBleedingEdge/etc'
Using monoOptions --debugger-agent=transport=dt_socket,embedding=1,server=y,suspend=n,address=127.0.0.1:56560
Begin MonoManager ReloadAssembly
Registering precompiled unity dll's ...
Register platform support module: C:/Program Files/Unity 2022.2.1f1c1/Editor/Data/PlaybackEngines/WindowsStandaloneSupport/UnityEditor.WindowsStandalone.Extensions.dll
Registered in 0.027787 seconds.
- Loaded All Assemblies, in  0.529 seconds
Native extension for WindowsStandalone target not found
Mono: successfully reloaded assembly
- Finished resetting the current domain, in  0.299 seconds
Domain Reload Profiling:
	ReloadAssembly (325ms)
		BeginReloadAssembly (134ms)
			ExecutionOrderSort (0ms)
			DisableScriptedObjects (0ms)
			BackupInstance (0ms)
			ReleaseScriptingObjects (0ms)
			CreateAndSetChildDomain (1ms)
		LoadAllAssembliesAndSetupDomain (0ms)
			LoadAssemblies (124ms)
			RebuildTransferFunctionScriptingTraits (0ms)
			SetupTypeCache (159ms)
				TypeCache.Initialize (158ms)
					TypeCache.ScanAssembly (155ms)
				ResolveRequiredComponents (1ms)
		FinalizeReload (0ms)
			ReleaseScriptCaches (0ms)
			RebuildScriptCaches (0ms)
			SetupLoadedEditorAssemblies (227ms)
				LogAssemblyErrors (0ms)
				InitializePlatformSupportModulesInManaged (19ms)
				SetLoadedEditorAssemblies (11ms)
				RefreshPlugins (0ms)
				BeforeProcessingInitializeOnLoad (1ms)
				ProcessInitializeOnLoadAttributes (149ms)
				ProcessInitializeOnLoadMethodAttributes (46ms)
				AfterProcessingInitializeOnLoad (0ms)
				EditorAssembliesLoaded (0ms)
			ExecutionOrderSort2 (0ms)
			AwakeInstancesAfterBackupRestoration (0ms)
========================================================================
Worker process is ready to serve import requests
Begin MonoManager ReloadAssembly
Duplicate assembly 'Newtonsoft.Json.dll' with different versions detected, using 'Packages/com.unity.nuget.newtonsoft-json/Runtime/Newtonsoft.Json.dll, AssemblyName=Newtonsoft.Json, Version=13.0.0.0, Culture=neutral, PublicKeyToken=30ad4fe6b2a6aeed' and ignoring 'Assets/Luban.ClientServer/Newtonsoft.Json.dll, AssemblyName=Newtonsoft.Json, Version=12.0.0.0, Culture=neutral, PublicKeyToken=30ad4fe6b2a6aeed'.Could not resolve field token 0x04000002, due to: Could not load type of field 'Luban.Server.GenServer:_handlers' (2) due to: Could not resolve type with token 01000047 from typeref (expected class 'System.ICloneable' in assembly 'System.Runtime, Version=4.2.2.0, Culture=neutral, PublicKeyToken=b03f5f7f11d50a3a') assembly:System.Runtime, Version=4.2.2.0, Culture=neutral, PublicKeyToken=b03f5f7f11d50a3a type:System.ICloneable member:(null) assembly:E:\FreeTower\FreeTower\Assets\Luban.ClientServer\Luban.Server.dll type:GenServer member:(null)
Could not load signature of Bright.Serialization.BeanBase:Serialize due to: Could not resolve type with token 0100003f from typeref (expected class 'System.ICloneable' in assembly 'System.Runtime, Version=4.2.2.0, Culture=neutral, PublicKeyToken=b03f5f7f11d50a3a') assembly:System.Runtime, Version=4.2.2.0, Culture=neutral, PublicKeyToken=b03f5f7f11d50a3a type:System.ICloneable member:(null)
Could not load signature of Scriban.Syntax.ScriptLoopStatementBase:EvaluateAsync due to: Could not resolve type with token 01000024 from typeref (expected class 'System.Threading.Tasks.ValueTask`1' in assembly 'System.Runtime, Version=5.0.0.0, Culture=neutral, PublicKeyToken=b03f5f7f11d50a3a') assembly:System.Runtime, Version=5.0.0.0, Culture=neutral, PublicKeyToken=b03f5f7f11d50a3a type:System.Threading.Tasks.ValueTask`1 member:(null)
Could not load signature of Scriban.Syntax.ScriptNode:EvaluateAsync due to: Could not resolve type with token 01000024 from typeref (expected class 'System.Threading.Tasks.ValueTask`1' in assembly 'System.Runtime, Version=5.0.0.0, Culture=neutral, PublicKeyToken=b03f5f7f11d50a3a') assembly:System.Runtime, Version=5.0.0.0, Culture=neutral, PublicKeyToken=b03f5f7f11d50a3a type:System.Threading.Tasks.ValueTask`1 member:(null)
Could not load signature of Scriban.Syntax.ScriptNode:EvaluateAsync due to: Could not resolve type with token 01000024 from typeref (expected class 'System.Threading.Tasks.ValueTask`1' in assembly 'System.Runtime, Version=5.0.0.0, Culture=neutral, PublicKeyToken=b03f5f7f11d50a3a') assembly:System.Runtime, Version=5.0.0.0, Culture=neutral, PublicKeyToken=b03f5f7f11d50a3a type:System.Threading.Tasks.ValueTask`1 member:(null)
Could not load signature of Scriban.Syntax.ScriptNode:EvaluateAsync due to: Could not resolve type with token 01000024 from typeref (expected class 'System.Threading.Tasks.ValueTask`1' in assembly 'System.Runtime, Version=5.0.0.0, Culture=neutral, PublicKeyToken=b03f5f7f11d50a3a') assembly:System.Runtime, Version=5.0.0.0, Culture=neutral, PublicKeyToken=b03f5f7f11d50a3a type:System.Threading.Tasks.ValueTask`1 member:(null)
Could not load signature of Scriban.Syntax.ScriptNode:EvaluateAsync due to: Could not resolve type with token 01000024 from typeref (expected class 'System.Threading.Tasks.ValueTask`1' in assembly 'System.Runtime, Version=5.0.0.0, Culture=neutral, PublicKeyToken=b03f5f7f11d50a3a') assembly:System.Runtime, Version=5.0.0.0, Culture=neutral, PublicKeyToken=b03f5f7f11d50a3a type:System.Threading.Tasks.ValueTask`1 member:(null)
Unloading broken assembly Assets/Luban.ClientServer/Luban.Job.Common.dll, this assembly can cause crashes in the runtime
Unloading broken assembly Assets/Luban.ClientServer/Luban.Job.Db.dll, this assembly can cause crashes in the runtime
Unloading broken assembly Assets/Luban.ClientServer/Bright.Core.dll, this assembly can cause crashes in the runtime
Unloading broken assembly Assets/Luban.ClientServer/Luban.Common.dll, this assembly can cause crashes in the runtime
Unloading broken assembly Assets/Luban.ClientServer/Google.Protobuf.dll, this assembly can cause crashes in the runtime
Unloading broken assembly Assets/Luban.ClientServer/Luban.Server.Common.dll, this assembly can cause crashes in the runtime
Unloading broken assembly Assets/Luban.ClientServer/Neo.Lua.dll, this assembly can cause crashes in the runtime
Unloading broken assembly Assets/Luban.ClientServer/Luban.Job.Proto.dll, this assembly can cause crashes in the runtime
Unloading broken assembly Assets/Luban.ClientServer/MessagePack.dll, this assembly can cause crashes in the runtime
Unloading broken assembly Assets/Luban.ClientServer/Bright.Net.dll, this assembly can cause crashes in the runtime
Unloading broken assembly Assets/Luban.ClientServer/Luban.Job.Cfg.dll, this assembly can cause crashes in the runtime
Unloading broken assembly Assets/Luban.ClientServer/Scriban.dll, this assembly can cause crashes in the runtime
Unloading broken assembly Assets/Luban.ClientServer/Luban.Client.dll, this assembly can cause crashes in the runtime
- Loaded All Assemblies, in  1.205 seconds
Refreshing native plugins compatible for Editor in 17.61 ms, found 3 plugins.
Native extension for WindowsStandalone target not found
Mono: successfully reloaded assembly
- Finished resetting the current domain, in  0.926 seconds
Domain Reload Profiling:
	ReloadAssembly (339ms)
		BeginReloadAssembly (178ms)
			ExecutionOrderSort (0ms)
			DisableScriptedObjects (5ms)
			BackupInstance (0ms)
			ReleaseScriptingObjects (0ms)
			CreateAndSetChildDomain (23ms)
		LoadAllAssembliesAndSetupDomain (845ms)
			LoadAssemblies (151ms)
			RebuildTransferFunctionScriptingTraits (0ms)
			SetupTypeCache (750ms)
				TypeCache.Initialize (449ms)
					TypeCache.ScanAssembly (443ms)
				ResolveRequiredComponents (3ms)
		FinalizeReload (0ms)
			ReleaseScriptCaches (0ms)
			RebuildScriptCaches (0ms)
			SetupLoadedEditorAssemblies (730ms)
				LogAssemblyErrors (0ms)
				InitializePlatformSupportModulesInManaged (10ms)
				SetLoadedEditorAssemblies (10ms)
				RefreshPlugins (0ms)
				BeforeProcessingInitializeOnLoad (128ms)
				ProcessInitializeOnLoadAttributes (507ms)
				ProcessInitializeOnLoadMethodAttributes (47ms)
				AfterProcessingInitializeOnLoad (28ms)
				EditorAssembliesLoaded (0ms)
			ExecutionOrderSort2 (0ms)
			AwakeInstancesAfterBackupRestoration (12ms)
Launched and connected shader compiler UnityShaderCompiler.exe after 0.11 seconds
Refreshing native plugins compatible for Editor in 29.31 ms, found 3 plugins.
Preloading 0 native plugins for Editor in 0.00 ms.
Unloading 2843 Unused Serialized files (Serialized files now loaded: 0)
Unloading 75 unused Assets / (89.0 KB). Loaded Objects now: 3282.
Memory consumption went from 452.5 MB to 452.4 MB.
Total: 4.114100 ms (FindLiveObjects: 0.354400 ms CreateObjectMapping: 0.155700 ms MarkObjects: 3.397000 ms  DeleteObjects: 0.205600 ms)

AssetImportParameters requested are different than current active one (requested -> active):
  custom:video-decoder-webm-vp8: 9c59270c3fd7afecdb556c50c9e8de78 -> 
  custom:container-demuxer-ogg: 62fdf1f143b41e24485cea50d1cbac27 -> 
  custom:AudioImporter_EditorPlatform: d09bf68614088b80899f8185d706f6e7 -> 
  custom:video-codec-MediaFoundation-h265: 746d11721c4dcdbdad8f713fa42b33f4 -> 
  custom:video-decoder-ogg-theora: a1e56fd34408186e4bbccfd4996cb3dc -> 
  custom:framework-win-MediaFoundation: 216162199b28c13a410421893ffa2e32 -> 
  custom:video-encoder-webm-vp8: eb34c28f22e8b96e1ab97ce403110664 -> 
  custom:audio-decoder-ogg-vorbis: bf7c407c2cedff20999df2af8eb42d56 -> 
  custom:container-demuxer-webm: 4f35f7cbe854078d1ac9338744f61a02 -> 
  custom:audio-encoder-webm-vorbis: bf7c407c2cedff20999df2af8eb42d56 -> 
  custom:container-muxer-webm: aa71ff27fc2769a1b78a27578f13a17b -> 
========================================================================
Received Import Request.
  Time since last request: 116216.224431 seconds.
  path: Assets/Gen/test/AccessFlag.cs
  artifactKey: Guid(5bbb23f51db0c3643b35f155d4fa4ce2) Importer(815301076,1909f56bfc062723c751e8b465ee728b)
Number of updated assets reloaded before import = 0
Start importing Assets/Gen/test/AccessFlag.cs using Guid(5bbb23f51db0c3643b35f155d4fa4ce2) Importer(815301076,1909f56bfc062723c751e8b465ee728b)  -> (artifact id: '5a5fa3470a3b9362662c0c5f222f184b') in 0.044014 seconds 
Number of asset objects unloaded after import = 0
